2023-11-16 09:05:49.165 INFO  [background-preinit] [o.h.validator.internal.util.Version] - HV000001: Hibernate Validator 6.2.5.Final
2023-11-16 09:05:49.170 INFO  [restartedMain] [com.team45.Team45Application] - Starting Team45Application using Java 17.0.7 on stu-08-019 with PID 9564 (D:\sangmin0816\kkobugi\team45\build\classes\java\main started by db400tea in D:\sangmin0816\kkobugi\team45)
2023-11-16 09:05:49.171 INFO  [restartedMain] [com.team45.Team45Application] - No active profile set, falling back to 1 default profile: "default"
2023-11-16 09:05:49.200 INFO  [restartedMain] [o.s.b.d.e.DevToolsPropertyDefaultsPostProcessor] - Devtools property defaults active! Set 'spring.devtools.add-properties' to 'false' to disable
2023-11-16 09:05:49.201 INFO  [restartedMain] [o.s.b.d.e.DevToolsPropertyDefaultsPostProcessor] - For additional web related logging consider setting the 'logging.level.web' property to 'DEBUG'
2023-11-16 09:05:49.778 INFO  [restartedMain] [o.s.b.w.embedded.tomcat.TomcatWebServer] - Tomcat initialized with port(s): 8080 (http)
2023-11-16 09:05:49.782 INFO  [restartedMain] [o.apache.coyote.http11.Http11NioProtocol] - Initializing ProtocolHandler ["http-nio-8080"]
2023-11-16 09:05:49.783 INFO  [restartedMain] [org.apache.catalina.core.StandardService] - Starting service [Tomcat]
2023-11-16 09:05:49.783 INFO  [restartedMain] [org.apache.catalina.core.StandardEngine] - Starting Servlet engine: [Apache Tomcat/9.0.82]
2023-11-16 09:05:49.818 INFO  [restartedMain] [o.a.c.c.C.[Tomcat].[localhost].[/]] - Initializing Spring embedded WebApplicationContext
2023-11-16 09:05:49.818 INFO  [restartedMain] [o.s.b.w.s.c.ServletWebServerApplicationContext] - Root WebApplicationContext: initialization completed in 616 ms
2023-11-16 09:05:50.265 INFO  [restartedMain] [o.s.b.d.a.OptionalLiveReloadServer] - LiveReload server is running on port 35729
2023-11-16 09:05:50.282 INFO  [restartedMain] [o.apache.coyote.http11.Http11NioProtocol] - Starting ProtocolHandler ["http-nio-8080"]
2023-11-16 09:05:50.292 INFO  [restartedMain] [o.s.b.w.embedded.tomcat.TomcatWebServer] - Tomcat started on port(s): 8080 (http) with context path ''
2023-11-16 09:05:50.299 INFO  [restartedMain] [com.team45.Team45Application] - Started Team45Application in 1.327 seconds (JVM running for 1.712)
2023-11-16 09:07:12.664 INFO  [http-nio-8080-exec-1] [o.a.c.c.C.[Tomcat].[localhost].[/]] - Initializing Spring DispatcherServlet 'dispatcherServlet'
2023-11-16 09:07:12.664 INFO  [http-nio-8080-exec-1] [o.s.web.servlet.DispatcherServlet] - Initializing Servlet 'dispatcherServlet'
2023-11-16 09:07:12.664 INFO  [http-nio-8080-exec-1] [o.s.web.servlet.DispatcherServlet] - Completed initialization in 0 ms
2023-11-16 09:07:20.214 ERROR [http-nio-8080-exec-9] [o.a.c.c.C.[.[.[/].[dispatcherServlet]] - Servlet.service() for servlet [dispatcherServlet] in context with path [] threw exception [Request processing failed; nested exception is java.lang.NumberFormatException: Cannot parse null string] with root cause
java.lang.NumberFormatException: Cannot parse null string
	at java.base/java.lang.Integer.parseInt(Integer.java:630)
	at java.base/java.lang.Integer.parseInt(Integer.java:786)
	at com.team45.ctrl.ChatRoomCtrl.loadHome(ChatRoomCtrl.java:27)
	at java.base/jdk.internal.reflect.NativeMethodAccessorImpl.invoke0(Native Method)
	at java.base/jdk.internal.reflect.NativeMethodAccessorImpl.invoke(NativeMethodAccessorImpl.java:77)
	at java.base/jdk.internal.reflect.DelegatingMethodAccessorImpl.invoke(DelegatingMethodAccessorImpl.java:43)
	at java.base/java.lang.reflect.Method.invoke(Method.java:568)
	at org.springframework.web.method.support.InvocableHandlerMethod.doInvoke(InvocableHandlerMethod.java:205)
	at org.springframework.web.method.support.InvocableHandlerMethod.invokeForRequest(InvocableHandlerMethod.java:150)
	at org.springframework.web.servlet.mvc.method.annotation.ServletInvocableHandlerMethod.invokeAndHandle(ServletInvocableHandlerMethod.java:117)
	at org.springframework.web.servlet.mvc.method.annotation.RequestMappingHandlerAdapter.invokeHandlerMethod(RequestMappingHandlerAdapter.java:895)
	at org.springframework.web.servlet.mvc.method.annotation.RequestMappingHandlerAdapter.handleInternal(RequestMappingHandlerAdapter.java:808)
	at org.springframework.web.servlet.mvc.method.AbstractHandlerMethodAdapter.handle(AbstractHandlerMethodAdapter.java:87)
	at org.springframework.web.servlet.DispatcherServlet.doDispatch(DispatcherServlet.java:1072)
	at org.springframework.web.servlet.DispatcherServlet.doService(DispatcherServlet.java:965)
	at org.springframework.web.servlet.FrameworkServlet.processRequest(FrameworkServlet.java:1006)
	at org.springframework.web.servlet.FrameworkServlet.doGet(FrameworkServlet.java:898)
	at javax.servlet.http.HttpServlet.service(HttpServlet.java:529)
	at org.springframework.web.servlet.FrameworkServlet.service(FrameworkServlet.java:883)
	at javax.servlet.http.HttpServlet.service(HttpServlet.java:623)
	at org.apache.catalina.core.ApplicationFilterChain.internalDoFilter(ApplicationFilterChain.java:209)
	at org.apache.catalina.core.ApplicationFilterChain.doFilter(ApplicationFilterChain.java:153)
	at org.apache.tomcat.websocket.server.WsFilter.doFilter(WsFilter.java:51)
	at org.apache.catalina.core.ApplicationFilterChain.internalDoFilter(ApplicationFilterChain.java:178)
	at org.apache.catalina.core.ApplicationFilterChain.doFilter(ApplicationFilterChain.java:153)
	at org.springframework.web.filter.CharacterEncodingFilter.doFilterInternal(CharacterEncodingFilter.java:201)
	at org.springframework.web.filter.OncePerRequestFilter.doFilter(OncePerRequestFilter.java:117)
	at org.apache.catalina.core.ApplicationFilterChain.internalDoFilter(ApplicationFilterChain.java:178)
	at org.apache.catalina.core.ApplicationFilterChain.doFilter(ApplicationFilterChain.java:153)
	at org.apache.catalina.core.StandardWrapperValve.invoke(StandardWrapperValve.java:168)
	at org.apache.catalina.core.StandardContextValve.invoke(StandardContextValve.java:90)
	at org.apache.catalina.authenticator.AuthenticatorBase.invoke(AuthenticatorBase.java:481)
	at org.apache.catalina.core.StandardHostValve.invoke(StandardHostValve.java:130)
	at org.apache.catalina.valves.ErrorReportValve.invoke(ErrorReportValve.java:93)
	at org.apache.catalina.core.StandardEngineValve.invoke(StandardEngineValve.java:74)
	at org.apache.catalina.connector.CoyoteAdapter.service(CoyoteAdapter.java:342)
	at org.apache.coyote.http11.Http11Processor.service(Http11Processor.java:390)
	at org.apache.coyote.AbstractProcessorLight.process(AbstractProcessorLight.java:63)
	at org.apache.coyote.AbstractProtocol$ConnectionHandler.process(AbstractProtocol.java:928)
	at org.apache.tomcat.util.net.NioEndpoint$SocketProcessor.doRun(NioEndpoint.java:1794)
	at org.apache.tomcat.util.net.SocketProcessorBase.run(SocketProcessorBase.java:52)
	at org.apache.tomcat.util.threads.ThreadPoolExecutor.runWorker(ThreadPoolExecutor.java:1191)
	at org.apache.tomcat.util.threads.ThreadPoolExecutor$Worker.run(ThreadPoolExecutor.java:659)
	at org.apache.tomcat.util.threads.TaskThread$WrappingRunnable.run(TaskThread.java:61)
	at java.base/java.lang.Thread.run(Thread.java:833)
2023-11-16 09:07:20.237 WARN  [http-nio-8080-exec-10] [o.s.web.servlet.PageNotFound] - No mapping for GET /favicon.ico
2023-11-16 09:07:27.106 ERROR [http-nio-8080-exec-6] [o.a.c.c.C.[.[.[/].[dispatcherServlet]] - Servlet.service() for servlet [dispatcherServlet] in context with path [] threw exception [Request processing failed; nested exception is java.lang.NumberFormatException: Cannot parse null string] with root cause
java.lang.NumberFormatException: Cannot parse null string
	at java.base/java.lang.Integer.parseInt(Integer.java:630)
	at java.base/java.lang.Integer.parseInt(Integer.java:786)
	at com.team45.ctrl.ChatRoomCtrl.loadHome(ChatRoomCtrl.java:27)
	at java.base/jdk.internal.reflect.NativeMethodAccessorImpl.invoke0(Native Method)
	at java.base/jdk.internal.reflect.NativeMethodAccessorImpl.invoke(NativeMethodAccessorImpl.java:77)
	at java.base/jdk.internal.reflect.DelegatingMethodAccessorImpl.invoke(DelegatingMethodAccessorImpl.java:43)
	at java.base/java.lang.reflect.Method.invoke(Method.java:568)
	at org.springframework.web.method.support.InvocableHandlerMethod.doInvoke(InvocableHandlerMethod.java:205)
	at org.springframework.web.method.support.InvocableHandlerMethod.invokeForRequest(InvocableHandlerMethod.java:150)
	at org.springframework.web.servlet.mvc.method.annotation.ServletInvocableHandlerMethod.invokeAndHandle(ServletInvocableHandlerMethod.java:117)
	at org.springframework.web.servlet.mvc.method.annotation.RequestMappingHandlerAdapter.invokeHandlerMethod(RequestMappingHandlerAdapter.java:895)
	at org.springframework.web.servlet.mvc.method.annotation.RequestMappingHandlerAdapter.handleInternal(RequestMappingHandlerAdapter.java:808)
	at org.springframework.web.servlet.mvc.method.AbstractHandlerMethodAdapter.handle(AbstractHandlerMethodAdapter.java:87)
	at org.springframework.web.servlet.DispatcherServlet.doDispatch(DispatcherServlet.java:1072)
	at org.springframework.web.servlet.DispatcherServlet.doService(DispatcherServlet.java:965)
	at org.springframework.web.servlet.FrameworkServlet.processRequest(FrameworkServlet.java:1006)
	at org.springframework.web.servlet.FrameworkServlet.doGet(FrameworkServlet.java:898)
	at javax.servlet.http.HttpServlet.service(HttpServlet.java:529)
	at org.springframework.web.servlet.FrameworkServlet.service(FrameworkServlet.java:883)
	at javax.servlet.http.HttpServlet.service(HttpServlet.java:623)
	at org.apache.catalina.core.ApplicationFilterChain.internalDoFilter(ApplicationFilterChain.java:209)
	at org.apache.catalina.core.ApplicationFilterChain.doFilter(ApplicationFilterChain.java:153)
	at org.apache.tomcat.websocket.server.WsFilter.doFilter(WsFilter.java:51)
	at org.apache.catalina.core.ApplicationFilterChain.internalDoFilter(ApplicationFilterChain.java:178)
	at org.apache.catalina.core.ApplicationFilterChain.doFilter(ApplicationFilterChain.java:153)
	at org.springframework.web.filter.CharacterEncodingFilter.doFilterInternal(CharacterEncodingFilter.java:201)
	at org.springframework.web.filter.OncePerRequestFilter.doFilter(OncePerRequestFilter.java:117)
	at org.apache.catalina.core.ApplicationFilterChain.internalDoFilter(ApplicationFilterChain.java:178)
	at org.apache.catalina.core.ApplicationFilterChain.doFilter(ApplicationFilterChain.java:153)
	at org.apache.catalina.core.StandardWrapperValve.invoke(StandardWrapperValve.java:168)
	at org.apache.catalina.core.StandardContextValve.invoke(StandardContextValve.java:90)
	at org.apache.catalina.authenticator.AuthenticatorBase.invoke(AuthenticatorBase.java:481)
	at org.apache.catalina.core.StandardHostValve.invoke(StandardHostValve.java:130)
	at org.apache.catalina.valves.ErrorReportValve.invoke(ErrorReportValve.java:93)
	at org.apache.catalina.core.StandardEngineValve.invoke(StandardEngineValve.java:74)
	at org.apache.catalina.connector.CoyoteAdapter.service(CoyoteAdapter.java:342)
	at org.apache.coyote.http11.Http11Processor.service(Http11Processor.java:390)
	at org.apache.coyote.AbstractProcessorLight.process(AbstractProcessorLight.java:63)
	at org.apache.coyote.AbstractProtocol$ConnectionHandler.process(AbstractProtocol.java:928)
	at org.apache.tomcat.util.net.NioEndpoint$SocketProcessor.doRun(NioEndpoint.java:1794)
	at org.apache.tomcat.util.net.SocketProcessorBase.run(SocketProcessorBase.java:52)
	at org.apache.tomcat.util.threads.ThreadPoolExecutor.runWorker(ThreadPoolExecutor.java:1191)
	at org.apache.tomcat.util.threads.ThreadPoolExecutor$Worker.run(ThreadPoolExecutor.java:659)
	at org.apache.tomcat.util.threads.TaskThread$WrappingRunnable.run(TaskThread.java:61)
	at java.base/java.lang.Thread.run(Thread.java:833)
2023-11-16 09:07:55.639 ERROR [http-nio-8080-exec-2] [o.a.c.c.C.[.[.[/].[dispatcherServlet]] - Servlet.service() for servlet [dispatcherServlet] in context with path [] threw exception [Request processing failed; nested exception is java.lang.NumberFormatException: Cannot parse null string] with root cause
java.lang.NumberFormatException: Cannot parse null string
	at java.base/java.lang.Integer.parseInt(Integer.java:630)
	at java.base/java.lang.Integer.parseInt(Integer.java:786)
	at com.team45.ctrl.ChatRoomCtrl.loadHome(ChatRoomCtrl.java:27)
	at java.base/jdk.internal.reflect.NativeMethodAccessorImpl.invoke0(Native Method)
	at java.base/jdk.internal.reflect.NativeMethodAccessorImpl.invoke(NativeMethodAccessorImpl.java:77)
	at java.base/jdk.internal.reflect.DelegatingMethodAccessorImpl.invoke(DelegatingMethodAccessorImpl.java:43)
	at java.base/java.lang.reflect.Method.invoke(Method.java:568)
	at org.springframework.web.method.support.InvocableHandlerMethod.doInvoke(InvocableHandlerMethod.java:205)
	at org.springframework.web.method.support.InvocableHandlerMethod.invokeForRequest(InvocableHandlerMethod.java:150)
	at org.springframework.web.servlet.mvc.method.annotation.ServletInvocableHandlerMethod.invokeAndHandle(ServletInvocableHandlerMethod.java:117)
	at org.springframework.web.servlet.mvc.method.annotation.RequestMappingHandlerAdapter.invokeHandlerMethod(RequestMappingHandlerAdapter.java:895)
	at org.springframework.web.servlet.mvc.method.annotation.RequestMappingHandlerAdapter.handleInternal(RequestMappingHandlerAdapter.java:808)
	at org.springframework.web.servlet.mvc.method.AbstractHandlerMethodAdapter.handle(AbstractHandlerMethodAdapter.java:87)
	at org.springframework.web.servlet.DispatcherServlet.doDispatch(DispatcherServlet.java:1072)
	at org.springframework.web.servlet.DispatcherServlet.doService(DispatcherServlet.java:965)
	at org.springframework.web.servlet.FrameworkServlet.processRequest(FrameworkServlet.java:1006)
	at org.springframework.web.servlet.FrameworkServlet.doGet(FrameworkServlet.java:898)
	at javax.servlet.http.HttpServlet.service(HttpServlet.java:529)
	at org.springframework.web.servlet.FrameworkServlet.service(FrameworkServlet.java:883)
	at javax.servlet.http.HttpServlet.service(HttpServlet.java:623)
	at org.apache.catalina.core.ApplicationFilterChain.internalDoFilter(ApplicationFilterChain.java:209)
	at org.apache.catalina.core.ApplicationFilterChain.doFilter(ApplicationFilterChain.java:153)
	at org.apache.tomcat.websocket.server.WsFilter.doFilter(WsFilter.java:51)
	at org.apache.catalina.core.ApplicationFilterChain.internalDoFilter(ApplicationFilterChain.java:178)
	at org.apache.catalina.core.ApplicationFilterChain.doFilter(ApplicationFilterChain.java:153)
	at org.springframework.web.filter.CharacterEncodingFilter.doFilterInternal(CharacterEncodingFilter.java:201)
	at org.springframework.web.filter.OncePerRequestFilter.doFilter(OncePerRequestFilter.java:117)
	at org.apache.catalina.core.ApplicationFilterChain.internalDoFilter(ApplicationFilterChain.java:178)
	at org.apache.catalina.core.ApplicationFilterChain.doFilter(ApplicationFilterChain.java:153)
	at org.apache.catalina.core.StandardWrapperValve.invoke(StandardWrapperValve.java:168)
	at org.apache.catalina.core.StandardContextValve.invoke(StandardContextValve.java:90)
	at org.apache.catalina.authenticator.AuthenticatorBase.invoke(AuthenticatorBase.java:481)
	at org.apache.catalina.core.StandardHostValve.invoke(StandardHostValve.java:130)
	at org.apache.catalina.valves.ErrorReportValve.invoke(ErrorReportValve.java:93)
	at org.apache.catalina.core.StandardEngineValve.invoke(StandardEngineValve.java:74)
	at org.apache.catalina.connector.CoyoteAdapter.service(CoyoteAdapter.java:342)
	at org.apache.coyote.http11.Http11Processor.service(Http11Processor.java:390)
	at org.apache.coyote.AbstractProcessorLight.process(AbstractProcessorLight.java:63)
	at org.apache.coyote.AbstractProtocol$ConnectionHandler.process(AbstractProtocol.java:928)
	at org.apache.tomcat.util.net.NioEndpoint$SocketProcessor.doRun(NioEndpoint.java:1794)
	at org.apache.tomcat.util.net.SocketProcessorBase.run(SocketProcessorBase.java:52)
	at org.apache.tomcat.util.threads.ThreadPoolExecutor.runWorker(ThreadPoolExecutor.java:1191)
	at org.apache.tomcat.util.threads.ThreadPoolExecutor$Worker.run(ThreadPoolExecutor.java:659)
	at org.apache.tomcat.util.threads.TaskThread$WrappingRunnable.run(TaskThread.java:61)
	at java.base/java.lang.Thread.run(Thread.java:833)
2023-11-16 09:10:29.120 INFO  [background-preinit] [o.h.validator.internal.util.Version] - HV000001: Hibernate Validator 6.2.5.Final
2023-11-16 09:10:29.126 INFO  [restartedMain] [com.team45.Team45Application] - Starting Team45Application using Java 17.0.7 on stu-08-019 with PID 8312 (D:\sangmin0816\kkobugi\team45\build\classes\java\main started by db400tea in D:\sangmin0816\kkobugi\team45)
2023-11-16 09:10:29.126 INFO  [restartedMain] [com.team45.Team45Application] - No active profile set, falling back to 1 default profile: "default"
2023-11-16 09:10:29.164 INFO  [restartedMain] [o.s.b.d.e.DevToolsPropertyDefaultsPostProcessor] - Devtools property defaults active! Set 'spring.devtools.add-properties' to 'false' to disable
2023-11-16 09:10:29.164 INFO  [restartedMain] [o.s.b.d.e.DevToolsPropertyDefaultsPostProcessor] - For additional web related logging consider setting the 'logging.level.web' property to 'DEBUG'
2023-11-16 09:10:29.749 INFO  [restartedMain] [o.s.b.w.embedded.tomcat.TomcatWebServer] - Tomcat initialized with port(s): 8080 (http)
2023-11-16 09:10:29.753 INFO  [restartedMain] [o.apache.coyote.http11.Http11NioProtocol] - Initializing ProtocolHandler ["http-nio-8080"]
2023-11-16 09:10:29.754 INFO  [restartedMain] [org.apache.catalina.core.StandardService] - Starting service [Tomcat]
2023-11-16 09:10:29.754 INFO  [restartedMain] [org.apache.catalina.core.StandardEngine] - Starting Servlet engine: [Apache Tomcat/9.0.82]
2023-11-16 09:10:29.786 INFO  [restartedMain] [o.a.c.c.C.[Tomcat].[localhost].[/]] - Initializing Spring embedded WebApplicationContext
2023-11-16 09:10:29.786 INFO  [restartedMain] [o.s.b.w.s.c.ServletWebServerApplicationContext] - Root WebApplicationContext: initialization completed in 621 ms
2023-11-16 09:10:30.131 INFO  [restartedMain] [o.s.b.d.a.OptionalLiveReloadServer] - LiveReload server is running on port 35729
2023-11-16 09:10:30.147 INFO  [restartedMain] [o.apache.coyote.http11.Http11NioProtocol] - Starting ProtocolHandler ["http-nio-8080"]
2023-11-16 09:10:30.158 INFO  [restartedMain] [o.s.b.w.embedded.tomcat.TomcatWebServer] - Tomcat started on port(s): 8080 (http) with context path ''
2023-11-16 09:10:30.164 INFO  [restartedMain] [com.team45.Team45Application] - Started Team45Application in 1.27 seconds (JVM running for 1.692)
2023-11-16 09:10:36.955 INFO  [background-preinit] [o.h.validator.internal.util.Version] - HV000001: Hibernate Validator 6.2.5.Final
2023-11-16 09:10:36.959 INFO  [restartedMain] [com.team45.Team45Application] - Starting Team45Application using Java 17.0.7 on stu-08-019 with PID 9132 (D:\sangmin0816\kkobugi\team45\build\classes\java\main started by db400tea in D:\sangmin0816\kkobugi\team45)
2023-11-16 09:10:36.959 INFO  [restartedMain] [com.team45.Team45Application] - No active profile set, falling back to 1 default profile: "default"
2023-11-16 09:10:36.983 INFO  [restartedMain] [o.s.b.d.e.DevToolsPropertyDefaultsPostProcessor] - Devtools property defaults active! Set 'spring.devtools.add-properties' to 'false' to disable
2023-11-16 09:10:36.984 INFO  [restartedMain] [o.s.b.d.e.DevToolsPropertyDefaultsPostProcessor] - For additional web related logging consider setting the 'logging.level.web' property to 'DEBUG'
2023-11-16 09:10:37.535 INFO  [restartedMain] [o.s.b.w.embedded.tomcat.TomcatWebServer] - Tomcat initialized with port(s): 8080 (http)
2023-11-16 09:10:37.540 INFO  [restartedMain] [o.apache.coyote.http11.Http11NioProtocol] - Initializing ProtocolHandler ["http-nio-8080"]
2023-11-16 09:10:37.541 INFO  [restartedMain] [org.apache.catalina.core.StandardService] - Starting service [Tomcat]
2023-11-16 09:10:37.541 INFO  [restartedMain] [org.apache.catalina.core.StandardEngine] - Starting Servlet engine: [Apache Tomcat/9.0.82]
2023-11-16 09:10:37.573 INFO  [restartedMain] [o.a.c.c.C.[Tomcat].[localhost].[/]] - Initializing Spring embedded WebApplicationContext
2023-11-16 09:10:37.573 INFO  [restartedMain] [o.s.b.w.s.c.ServletWebServerApplicationContext] - Root WebApplicationContext: initialization completed in 589 ms
2023-11-16 09:10:37.926 INFO  [restartedMain] [o.s.b.d.a.OptionalLiveReloadServer] - LiveReload server is running on port 35729
2023-11-16 09:10:37.941 INFO  [restartedMain] [o.apache.coyote.http11.Http11NioProtocol] - Starting ProtocolHandler ["http-nio-8080"]
2023-11-16 09:10:37.952 INFO  [restartedMain] [o.s.b.w.embedded.tomcat.TomcatWebServer] - Tomcat started on port(s): 8080 (http) with context path ''
2023-11-16 09:10:37.958 INFO  [restartedMain] [com.team45.Team45Application] - Started Team45Application in 1.188 seconds (JVM running for 1.615)
2023-11-16 09:10:44.874 INFO  [http-nio-8080-exec-1] [o.a.c.c.C.[Tomcat].[localhost].[/]] - Initializing Spring DispatcherServlet 'dispatcherServlet'
2023-11-16 09:10:44.874 INFO  [http-nio-8080-exec-1] [o.s.web.servlet.DispatcherServlet] - Initializing Servlet 'dispatcherServlet'
2023-11-16 09:10:44.874 INFO  [http-nio-8080-exec-1] [o.s.web.servlet.DispatcherServlet] - Completed initialization in 0 ms
2023-11-16 09:10:56.545 INFO  [restartedMain] [com.team45.Team45Application] - Starting Team45Application using Java 17.0.7 on stu-08-019 with PID 16100 (D:\sangmin0816\kkobugi\team45\build\classes\java\main started by db400tea in D:\sangmin0816\kkobugi\team45)
2023-11-16 09:10:56.545 INFO  [background-preinit] [o.h.validator.internal.util.Version] - HV000001: Hibernate Validator 6.2.5.Final
2023-11-16 09:10:56.547 INFO  [restartedMain] [com.team45.Team45Application] - No active profile set, falling back to 1 default profile: "default"
2023-11-16 09:10:56.571 INFO  [restartedMain] [o.s.b.d.e.DevToolsPropertyDefaultsPostProcessor] - Devtools property defaults active! Set 'spring.devtools.add-properties' to 'false' to disable
2023-11-16 09:10:56.571 INFO  [restartedMain] [o.s.b.d.e.DevToolsPropertyDefaultsPostProcessor] - For additional web related logging consider setting the 'logging.level.web' property to 'DEBUG'
2023-11-16 09:10:57.157 INFO  [restartedMain] [o.s.b.w.embedded.tomcat.TomcatWebServer] - Tomcat initialized with port(s): 8080 (http)
2023-11-16 09:10:57.161 INFO  [restartedMain] [o.apache.coyote.http11.Http11NioProtocol] - Initializing ProtocolHandler ["http-nio-8080"]
2023-11-16 09:10:57.162 INFO  [restartedMain] [org.apache.catalina.core.StandardService] - Starting service [Tomcat]
2023-11-16 09:10:57.162 INFO  [restartedMain] [org.apache.catalina.core.StandardEngine] - Starting Servlet engine: [Apache Tomcat/9.0.82]
2023-11-16 09:10:57.194 INFO  [restartedMain] [o.a.c.c.C.[Tomcat].[localhost].[/]] - Initializing Spring embedded WebApplicationContext
2023-11-16 09:10:57.194 INFO  [restartedMain] [o.s.b.w.s.c.ServletWebServerApplicationContext] - Root WebApplicationContext: initialization completed in 623 ms
2023-11-16 09:10:57.547 INFO  [restartedMain] [o.s.b.d.a.OptionalLiveReloadServer] - LiveReload server is running on port 35729
2023-11-16 09:10:57.564 INFO  [restartedMain] [o.apache.coyote.http11.Http11NioProtocol] - Starting ProtocolHandler ["http-nio-8080"]
2023-11-16 09:10:57.574 INFO  [restartedMain] [o.s.b.w.embedded.tomcat.TomcatWebServer] - Tomcat started on port(s): 8080 (http) with context path ''
2023-11-16 09:10:57.580 INFO  [restartedMain] [com.team45.Team45Application] - Started Team45Application in 1.221 seconds (JVM running for 1.624)
2023-11-16 09:10:57.769 INFO  [http-nio-8080-exec-1] [o.a.c.c.C.[Tomcat].[localhost].[/]] - Initializing Spring DispatcherServlet 'dispatcherServlet'
2023-11-16 09:10:57.770 INFO  [http-nio-8080-exec-1] [o.s.web.servlet.DispatcherServlet] - Initializing Servlet 'dispatcherServlet'
2023-11-16 09:10:57.770 INFO  [http-nio-8080-exec-1] [o.s.web.servlet.DispatcherServlet] - Completed initialization in 0 ms
2023-11-16 09:10:59.438 INFO  [http-nio-8080-exec-5] [com.zaxxer.hikari.HikariDataSource] - HikariPool-1 - Starting...
2023-11-16 09:10:59.503 INFO  [http-nio-8080-exec-5] [com.zaxxer.hikari.HikariDataSource] - HikariPool-1 - Start completed.
2023-11-16 09:10:59.540 WARN  [http-nio-8080-exec-1] [o.s.web.servlet.PageNotFound] - No mapping for GET /chat/js/cleditor/jquery.cleditor.css
2023-11-16 09:10:59.555 WARN  [http-nio-8080-exec-4] [o.s.web.servlet.PageNotFound] - No mapping for GET /chat/images/favicon/favicon-16x16.png
2023-11-16 09:10:59.559 WARN  [http-nio-8080-exec-2] [o.s.web.servlet.PageNotFound] - No mapping for GET /chat/images/favicon/favicon-32x32.png
2023-11-16 09:10:59.562 WARN  [http-nio-8080-exec-3] [o.s.web.servlet.PageNotFound] - No mapping for GET /chat/images/favicon/favicon-48x48.png
2023-11-16 09:10:59.568 WARN  [http-nio-8080-exec-9] [o.s.web.servlet.PageNotFound] - No mapping for GET /chat/images/favicon/favicon-64x64.png
2023-11-16 09:10:59.571 WARN  [http-nio-8080-exec-6] [o.s.web.servlet.PageNotFound] - No mapping for GET /chat/images/favicon/favicon-96x96.png
2023-11-16 09:11:07.764 WARN  [http-nio-8080-exec-10] [o.s.web.servlet.PageNotFound] - No mapping for GET /chat/js/cleditor/jquery.cleditor.css
2023-11-16 10:17:24.928 INFO  [SpringApplicationShutdownHook] [com.zaxxer.hikari.HikariDataSource] - HikariPool-1 - Shutdown initiated...
2023-11-16 10:17:24.930 INFO  [SpringApplicationShutdownHook] [com.zaxxer.hikari.HikariDataSource] - HikariPool-1 - Shutdown completed.
2023-11-16 10:47:45.615 INFO  [background-preinit] [o.h.validator.internal.util.Version] - HV000001: Hibernate Validator 6.2.5.Final
2023-11-16 10:47:45.617 INFO  [restartedMain] [com.team45.Team45Application] - Starting Team45Application using Java 17.0.7 on stu-08-019 with PID 21360 (D:\sangmin0816\kkobugi\team45\build\classes\java\main started by db400tea in D:\sangmin0816\kkobugi\team45)
2023-11-16 10:47:45.618 INFO  [restartedMain] [com.team45.Team45Application] - No active profile set, falling back to 1 default profile: "default"
2023-11-16 10:47:45.642 INFO  [restartedMain] [o.s.b.d.e.DevToolsPropertyDefaultsPostProcessor] - Devtools property defaults active! Set 'spring.devtools.add-properties' to 'false' to disable
2023-11-16 10:47:45.643 INFO  [restartedMain] [o.s.b.d.e.DevToolsPropertyDefaultsPostProcessor] - For additional web related logging consider setting the 'logging.level.web' property to 'DEBUG'
2023-11-16 10:47:46.201 INFO  [restartedMain] [o.s.b.w.embedded.tomcat.TomcatWebServer] - Tomcat initialized with port(s): 8080 (http)
2023-11-16 10:47:46.205 INFO  [restartedMain] [o.apache.coyote.http11.Http11NioProtocol] - Initializing ProtocolHandler ["http-nio-8080"]
2023-11-16 10:47:46.206 INFO  [restartedMain] [org.apache.catalina.core.StandardService] - Starting service [Tomcat]
2023-11-16 10:47:46.206 INFO  [restartedMain] [org.apache.catalina.core.StandardEngine] - Starting Servlet engine: [Apache Tomcat/9.0.82]
2023-11-16 10:47:46.241 INFO  [restartedMain] [o.a.c.c.C.[Tomcat].[localhost].[/]] - Initializing Spring embedded WebApplicationContext
2023-11-16 10:47:46.242 INFO  [restartedMain] [o.s.b.w.s.c.ServletWebServerApplicationContext] - Root WebApplicationContext: initialization completed in 599 ms
2023-11-16 10:47:46.585 INFO  [restartedMain] [o.s.b.d.a.OptionalLiveReloadServer] - LiveReload server is running on port 35729
2023-11-16 10:47:46.601 INFO  [restartedMain] [o.apache.coyote.http11.Http11NioProtocol] - Starting ProtocolHandler ["http-nio-8080"]
2023-11-16 10:47:46.611 INFO  [restartedMain] [o.s.b.w.embedded.tomcat.TomcatWebServer] - Tomcat started on port(s): 8080 (http) with context path ''
2023-11-16 10:47:46.618 INFO  [restartedMain] [com.team45.Team45Application] - Started Team45Application in 1.194 seconds (JVM running for 1.565)
2023-11-16 10:47:49.240 INFO  [http-nio-8080-exec-1] [o.a.c.c.C.[Tomcat].[localhost].[/]] - Initializing Spring DispatcherServlet 'dispatcherServlet'
2023-11-16 10:47:49.240 INFO  [http-nio-8080-exec-1] [o.s.web.servlet.DispatcherServlet] - Initializing Servlet 'dispatcherServlet'
2023-11-16 10:47:49.241 INFO  [http-nio-8080-exec-1] [o.s.web.servlet.DispatcherServlet] - Completed initialization in 1 ms
2023-11-16 10:47:49.407 WARN  [http-nio-8080-exec-2] [o.s.web.servlet.PageNotFound] - No mapping for GET /admin/js/cleditor/jquery.cleditor.css
2023-11-16 10:47:49.451 WARN  [http-nio-8080-exec-3] [o.s.web.servlet.PageNotFound] - No mapping for GET /admin/images/dashboard/people.svg
2023-11-16 10:47:49.458 WARN  [http-nio-8080-exec-7] [o.s.web.servlet.PageNotFound] - No mapping for GET /admin/images/faces/face2.jpg
2023-11-16 10:47:49.458 WARN  [http-nio-8080-exec-1] [o.s.web.servlet.PageNotFound] - No mapping for GET /admin/images/faces/face1.jpg
2023-11-16 10:47:49.470 WARN  [http-nio-8080-exec-4] [o.s.web.servlet.PageNotFound] - No mapping for GET /admin/images/faces/face3.jpg
2023-11-16 10:47:49.470 WARN  [http-nio-8080-exec-6] [o.s.web.servlet.PageNotFound] - No mapping for GET /admin/images/faces/face4.jpg
2023-11-16 10:47:49.470 WARN  [http-nio-8080-exec-8] [o.s.web.servlet.PageNotFound] - No mapping for GET /admin/images/faces/face5.jpg
2023-11-16 10:47:49.547 WARN  [http-nio-8080-exec-2] [o.s.web.servlet.PageNotFound] - No mapping for GET /admin/js/data.txt
2023-11-16 10:47:52.919 WARN  [http-nio-8080-exec-4] [o.s.web.servlet.PageNotFound] - No mapping for GET /admin/images/favicon/favicon-16x16.png
2023-11-16 10:48:26.596 WARN  [http-nio-8080-exec-2] [o.s.web.servlet.PageNotFound] - No mapping for GET /admin/js/cleditor/jquery.cleditor.css
2023-11-16 10:48:26.626 WARN  [http-nio-8080-exec-5] [o.s.web.servlet.PageNotFound] - No mapping for GET /admin/images/dashboard/people.svg
2023-11-16 10:48:26.626 WARN  [http-nio-8080-exec-10] [o.s.web.servlet.PageNotFound] - No mapping for GET /admin/images/faces/face1.jpg
2023-11-16 10:48:26.633 WARN  [http-nio-8080-exec-2] [o.s.web.servlet.PageNotFound] - No mapping for GET /admin/images/faces/face2.jpg
2023-11-16 10:48:26.633 WARN  [http-nio-8080-exec-8] [o.s.web.servlet.PageNotFound] - No mapping for GET /admin/images/faces/face3.jpg
2023-11-16 10:48:26.650 WARN  [http-nio-8080-exec-6] [o.s.web.servlet.PageNotFound] - No mapping for GET /admin/images/faces/face4.jpg
2023-11-16 10:48:26.650 WARN  [http-nio-8080-exec-4] [o.s.web.servlet.PageNotFound] - No mapping for GET /admin/images/faces/face5.jpg
2023-11-16 10:48:26.697 WARN  [http-nio-8080-exec-5] [o.s.web.servlet.PageNotFound] - No mapping for GET /admin/js/data.txt
2023-11-16 10:51:34.130 WARN  [http-nio-8080-exec-7] [o.s.web.servlet.PageNotFound] - No mapping for GET /admin/js/cleditor/jquery.cleditor.css
2023-11-16 10:51:48.239 WARN  [http-nio-8080-exec-7] [o.s.web.servlet.PageNotFound] - No mapping for GET /admin/js/data.txt
2023-11-16 10:58:01.043 INFO  [background-preinit] [o.h.validator.internal.util.Version] - HV000001: Hibernate Validator 6.2.5.Final
2023-11-16 10:58:01.047 INFO  [restartedMain] [com.team45.Team45Application] - Starting Team45Application using Java 17.0.7 on stu-08-019 with PID 22300 (D:\sangmin0816\kkobugi\team45\build\classes\java\main started by db400tea in D:\sangmin0816\kkobugi\team45)
2023-11-16 10:58:01.047 INFO  [restartedMain] [com.team45.Team45Application] - No active profile set, falling back to 1 default profile: "default"
2023-11-16 10:58:01.072 INFO  [restartedMain] [o.s.b.d.e.DevToolsPropertyDefaultsPostProcessor] - Devtools property defaults active! Set 'spring.devtools.add-properties' to 'false' to disable
2023-11-16 10:58:01.072 INFO  [restartedMain] [o.s.b.d.e.DevToolsPropertyDefaultsPostProcessor] - For additional web related logging consider setting the 'logging.level.web' property to 'DEBUG'
2023-11-16 10:58:01.622 INFO  [restartedMain] [o.s.b.w.embedded.tomcat.TomcatWebServer] - Tomcat initialized with port(s): 8080 (http)
2023-11-16 10:58:01.626 INFO  [restartedMain] [o.apache.coyote.http11.Http11NioProtocol] - Initializing ProtocolHandler ["http-nio-8080"]
2023-11-16 10:58:01.627 INFO  [restartedMain] [org.apache.catalina.core.StandardService] - Starting service [Tomcat]
2023-11-16 10:58:01.627 INFO  [restartedMain] [org.apache.catalina.core.StandardEngine] - Starting Servlet engine: [Apache Tomcat/9.0.82]
2023-11-16 10:58:01.664 INFO  [restartedMain] [o.a.c.c.C.[Tomcat].[localhost].[/]] - Initializing Spring embedded WebApplicationContext
2023-11-16 10:58:01.664 INFO  [restartedMain] [o.s.b.w.s.c.ServletWebServerApplicationContext] - Root WebApplicationContext: initialization completed in 592 ms
2023-11-16 10:58:02.095 INFO  [restartedMain] [o.s.b.d.a.OptionalLiveReloadServer] - LiveReload server is running on port 35729
2023-11-16 10:58:02.111 INFO  [restartedMain] [o.apache.coyote.http11.Http11NioProtocol] - Starting ProtocolHandler ["http-nio-8080"]
2023-11-16 10:58:02.121 INFO  [restartedMain] [o.s.b.w.embedded.tomcat.TomcatWebServer] - Tomcat started on port(s): 8080 (http) with context path ''
2023-11-16 10:58:02.127 INFO  [restartedMain] [com.team45.Team45Application] - Started Team45Application in 1.269 seconds (JVM running for 1.663)
2023-11-16 10:58:04.015 INFO  [http-nio-8080-exec-1] [o.a.c.c.C.[Tomcat].[localhost].[/]] - Initializing Spring DispatcherServlet 'dispatcherServlet'
2023-11-16 10:58:04.015 INFO  [http-nio-8080-exec-1] [o.s.web.servlet.DispatcherServlet] - Initializing Servlet 'dispatcherServlet'
2023-11-16 10:58:04.015 INFO  [http-nio-8080-exec-1] [o.s.web.servlet.DispatcherServlet] - Completed initialization in 0 ms
2023-11-16 10:58:04.200 WARN  [http-nio-8080-exec-10] [o.s.web.servlet.PageNotFound] - No mapping for GET /admin/images/dashboard/people.svg
2023-11-16 10:58:04.200 WARN  [http-nio-8080-exec-5] [o.s.web.servlet.PageNotFound] - No mapping for GET /admin/images/faces/face1.jpg
2023-11-16 10:58:04.213 WARN  [http-nio-8080-exec-1] [o.s.web.servlet.PageNotFound] - No mapping for GET /admin/images/faces/face2.jpg
2023-11-16 10:58:04.213 WARN  [http-nio-8080-exec-9] [o.s.web.servlet.PageNotFound] - No mapping for GET /admin/images/faces/face3.jpg
2023-11-16 10:58:04.220 WARN  [http-nio-8080-exec-7] [o.s.web.servlet.PageNotFound] - No mapping for GET /admin/images/faces/face5.jpg
2023-11-16 10:58:04.220 WARN  [http-nio-8080-exec-4] [o.s.web.servlet.PageNotFound] - No mapping for GET /admin/images/faces/face4.jpg
2023-11-16 11:19:24.889 WARN  [http-nio-8080-exec-5] [o.s.web.servlet.PageNotFound] - No mapping for GET /admin/images/faces/face1.jpg
2023-11-16 11:19:24.889 WARN  [http-nio-8080-exec-10] [o.s.web.servlet.PageNotFound] - No mapping for GET /admin/images/dashboard/people.svg
2023-11-16 11:19:24.898 WARN  [http-nio-8080-exec-4] [o.s.web.servlet.PageNotFound] - No mapping for GET /admin/images/faces/face2.jpg
2023-11-16 11:19:24.899 WARN  [http-nio-8080-exec-8] [o.s.web.servlet.PageNotFound] - No mapping for GET /admin/images/faces/face3.jpg
2023-11-16 11:19:24.912 WARN  [http-nio-8080-exec-1] [o.s.web.servlet.PageNotFound] - No mapping for GET /admin/images/faces/face4.jpg
2023-11-16 11:19:24.914 WARN  [http-nio-8080-exec-7] [o.s.web.servlet.PageNotFound] - No mapping for GET /admin/images/faces/face5.jpg
